<?xml version="1.0" encoding="UTF-8"?>
<testng-results ignored="0" total="1" passed="1" failed="0" skipped="0">
  <reporter-output>
  </reporter-output>
  <suite started-at="2023-11-30T21:22:12 IST" name="Default suite" finished-at="2023-11-30T21:23:21 IST" duration-ms="68898">
    <groups>
    </groups>
    <test started-at="2023-11-30T21:22:12 IST" name="Default test" finished-at="2023-11-30T21:23:21 IST" duration-ms="68898">
      <class name="testngpkg.Datepickerpgm">
        <test-method is-config="true" signature="setup()[pri:0, instance:testngpkg.Datepickerpgm@13fd2ccd]" started-at="2023-11-30T21:22:12 IST" name="setup" finished-at="2023-11-30T21:22:31 IST" duration-ms="19112" status="PASS">
          <reporter-output>
          </reporter-output>
        </test-method> <!-- setup -->
        <test-method signature="datepickertest()[pri:0, instance:testngpkg.Datepickerpgm@13fd2ccd]" started-at="2023-11-30T21:22:31 IST" name="datepickertest" finished-at="2023-11-30T21:23:21 IST" duration-ms="49542" status="PASS">
          <reporter-output>
          </reporter-output>
        </test-method> <!-- datepickertest -->
      </class> <!-- testngpkg.Datepickerpgm -->
    </test> <!-- Default test -->
  </suite> <!-- Default suite -->
</testng-results>
